<?xml version="1.0" encoding="UTF-8"?>
<!-- Generated by org.testng.reporters.JUnitXMLReporter -->
<testsuite ignored="11" hostname="Venkatesan" failures="0" tests="1" name="Default test" time="5.3" errors="0" timestamp="2024-09-22T14:11:17 IST">
  <testcase classname="Random" name="tablecheck2" time="2.016"/>
  <testcase classname="Random" name="webinputs" time="0.0">
    <ignored/>
  </testcase> <!-- webinputs -->
  <testcase classname="Random" name="dynamictablecheck" time="0.0">
    <ignored/>
  </testcase> <!-- dynamictablecheck -->
  <testcase classname="Random" name="javascriptdialog" time="0.0">
    <ignored/>
  </testcase> <!-- javascriptdialog -->
  <testcase classname="Random" name="autocompletetest" time="0.0">
    <ignored/>
  </testcase> <!-- autocompletetest -->
  <testcase classname="Random" name="radio_click" time="0.0">
    <ignored/>
  </testcase> <!-- radio_click -->
  <testcase classname="Random" name="login" time="0.0">
    <ignored/>
  </testcase> <!-- login -->
  <testcase classname="Random" name="contextclick" time="0.0">
    <ignored/>
  </testcase> <!-- contextclick -->
  <testcase classname="Random" name="handlewin" time="0.0">
    <ignored/>
  </testcase> <!-- handlewin -->
  <testcase classname="Random" name="learnassert" time="0.0">
    <ignored/>
  </testcase> <!-- learnassert -->
  <testcase classname="Random" name="dynamicload" time="0.0">
    <ignored/>
  </testcase> <!-- dynamicload -->
  <testcase classname="Random" name="list" time="0.0">
    <ignored/>
  </testcase> <!-- list -->
</testsuite> <!-- Default test -->
