<?xml version="1.0" encoding="UTF-8"?>
<!-- Generated by org.testng.reporters.JUnitXMLReporter -->
<testsuite ignored="0" hostname="Venkatesan" failures="1" tests="1" name="ChromeTest" time="6.053" errors="0" timestamp="2024-09-12T12:29:22 IST">
  <testcase classname="Test.amazon" name="testamazon" time="2.79">
    <failure type="java.lang.NullPointerException" message="Cannot invoke &amp;quot;org.openqa.selenium.WebDriver.getTitle()&amp;quot; because &amp;quot;Utilities.GenericMethods.driver&amp;quot; is null">
      <![CDATA[java.lang.NullPointerException: Cannot invoke "org.openqa.selenium.WebDriver.getTitle()" because "Utilities.GenericMethods.driver" is null
at Utilities.GenericMethods.handlewindows(GenericMethods.java:193)
at Pages.Amazonhome.clicksearchresult(Amazonhome.java:35)
at Test.amazon.testamazon(amazon.java:18)
at java.base/java.util.ArrayList.forEach(ArrayList.java:1511)
... Removed 27 stack frames]]>
    </failure>
  </testcase> <!-- testamazon -->
</testsuite> <!-- ChromeTest -->
