<?xml version="1.0" encoding="UTF-8"?>
<testng-results ignored="0" total="2" passed="2" failed="0" skipped="0">
  <reporter-output>
  </reporter-output>
  <suite started-at="2024-09-11T12:56:14 IST" name="Suite" finished-at="2024-09-11T12:56:31 IST" duration-ms="16811">
    <groups>
    </groups>
    <test started-at="2024-09-11T12:56:14 IST" name="EdgeTest" finished-at="2024-09-11T12:56:23 IST" duration-ms="9417">
      <class name="Test.LoginHRM">
        <test-method is-config="true" signature="initialize(java.lang.String)[pri:0, instance:Test.LoginHRM@4e91d63f]" started-at="2024-09-11T12:56:14 IST" name="initialize" finished-at="2024-09-11T12:56:19 IST" duration-ms="5573" status="PASS">
          <params>
            <param index="0">
              <value>
                <![CDATA[Edge]]>
              </value>
            </param>
          </params>
          <reporter-output>
          </reporter-output>
        </test-method> <!-- initialize -->
        <test-method signature="logintest(java.lang.String,java.lang.String)[pri:0, instance:Test.LoginHRM@4e91d63f]" started-at="2024-09-11T12:56:19 IST" name="logintest" data-provider="data" finished-at="2024-09-11T12:56:22 IST" duration-ms="2409" status="PASS">
          <params>
            <param index="0">
              <value>
                <![CDATA[Admin]]>
              </value>
            </param>
            <param index="1">
              <value>
                <![CDATA[admin123]]>
              </value>
            </param>
          </params>
          <reporter-output>
          </reporter-output>
        </test-method> <!-- logintest -->
        <test-method is-config="true" signature="teardown()[pri:0, instance:Test.LoginHRM@4e91d63f]" started-at="2024-09-11T12:56:22 IST" name="teardown" finished-at="2024-09-11T12:56:23 IST" duration-ms="1385" status="PASS">
          <reporter-output>
          </reporter-output>
        </test-method> <!-- teardown -->
      </class> <!-- Test.LoginHRM -->
    </test> <!-- EdgeTest -->
    <test started-at="2024-09-11T12:56:23 IST" name="ChromeTest" finished-at="2024-09-11T12:56:31 IST" duration-ms="7355">
      <class name="Test.LoginHRM">
        <test-method is-config="true" signature="initialize(java.lang.String)[pri:0, instance:Test.LoginHRM@34b7ac2f]" started-at="2024-09-11T12:56:23 IST" name="initialize" finished-at="2024-09-11T12:56:27 IST" duration-ms="3835" status="PASS">
          <params>
            <param index="0">
              <value>
                <![CDATA[Chrome]]>
              </value>
            </param>
          </params>
          <reporter-output>
          </reporter-output>
        </test-method> <!-- initialize -->
        <test-method signature="logintest(java.lang.String,java.lang.String)[pri:0, instance:Test.LoginHRM@34b7ac2f]" started-at="2024-09-11T12:56:27 IST" name="logintest" data-provider="data" finished-at="2024-09-11T12:56:30 IST" duration-ms="3076" status="PASS">
          <params>
            <param index="0">
              <value>
                <![CDATA[Admin]]>
              </value>
            </param>
            <param index="1">
              <value>
                <![CDATA[admin123]]>
              </value>
            </param>
          </params>
          <reporter-output>
          </reporter-output>
        </test-method> <!-- logintest -->
        <test-method is-config="true" signature="teardown()[pri:0, instance:Test.LoginHRM@34b7ac2f]" started-at="2024-09-11T12:56:30 IST" name="teardown" finished-at="2024-09-11T12:56:31 IST" duration-ms="435" status="PASS">
          <reporter-output>
          </reporter-output>
        </test-method> <!-- teardown -->
      </class> <!-- Test.LoginHRM -->
    </test> <!-- ChromeTest -->
  </suite> <!-- Suite -->
</testng-results>
