<?xml version="1.0" encoding="UTF-8"?>
<testng-results ignored="0" total="2" passed="2" failed="0" skipped="0">
  <reporter-output>
  </reporter-output>
  <suite started-at="2024-09-05T17:57:18 IST" name="Suite" finished-at="2024-09-05T17:57:36 IST" duration-ms="18055">
    <groups>
    </groups>
    <test started-at="2024-09-05T17:57:18 IST" name="EdgeTest" finished-at="2024-09-05T17:57:29 IST" duration-ms="10513">
      <class name="Test.LoginHRM">
        <test-method is-config="true" signature="initialize(java.lang.String)[pri:0, instance:Test.LoginHRM@548d708a]" started-at="2024-09-05T17:57:18 IST" name="initialize" finished-at="2024-09-05T17:57:26 IST" duration-ms="7306" status="PASS">
          <params>
            <param index="0">
              <value>
                <![CDATA[Edge]]>
              </value>
            </param>
          </params>
          <reporter-output>
          </reporter-output>
        </test-method> <!-- initialize -->
        <test-method signature="logintest(java.lang.String,java.lang.String)[pri:0, instance:Test.LoginHRM@548d708a]" started-at="2024-09-05T17:57:26 IST" name="logintest" data-provider="data" finished-at="2024-09-05T17:57:28 IST" duration-ms="2607" status="PASS">
          <params>
            <param index="0">
              <value>
                <![CDATA[Admin]]>
              </value>
            </param>
            <param index="1">
              <value>
                <![CDATA[admin123]]>
              </value>
            </param>
          </params>
          <reporter-output>
          </reporter-output>
        </test-method> <!-- logintest -->
        <test-method is-config="true" signature="teardown()[pri:0, instance:Test.LoginHRM@548d708a]" started-at="2024-09-05T17:57:28 IST" name="teardown" finished-at="2024-09-05T17:57:29 IST" duration-ms="488" status="PASS">
          <reporter-output>
          </reporter-output>
        </test-method> <!-- teardown -->
      </class> <!-- Test.LoginHRM -->
    </test> <!-- EdgeTest -->
    <test started-at="2024-09-05T17:57:29 IST" name="ChromeTest" finished-at="2024-09-05T17:57:36 IST" duration-ms="7494">
      <class name="Test.LoginHRM">
        <test-method is-config="true" signature="initialize(java.lang.String)[pri:0, instance:Test.LoginHRM@6c4906d3]" started-at="2024-09-05T17:57:29 IST" name="initialize" finished-at="2024-09-05T17:57:33 IST" duration-ms="4158" status="PASS">
          <params>
            <param index="0">
              <value>
                <![CDATA[Chrome]]>
              </value>
            </param>
          </params>
          <reporter-output>
          </reporter-output>
        </test-method> <!-- initialize -->
        <test-method signature="logintest(java.lang.String,java.lang.String)[pri:0, instance:Test.LoginHRM@6c4906d3]" started-at="2024-09-05T17:57:33 IST" name="logintest" data-provider="data" finished-at="2024-09-05T17:57:36 IST" duration-ms="2878" status="PASS">
          <params>
            <param index="0">
              <value>
                <![CDATA[Admin]]>
              </value>
            </param>
            <param index="1">
              <value>
                <![CDATA[admin123]]>
              </value>
            </param>
          </params>
          <reporter-output>
          </reporter-output>
        </test-method> <!-- logintest -->
        <test-method is-config="true" signature="teardown()[pri:0, instance:Test.LoginHRM@6c4906d3]" started-at="2024-09-05T17:57:36 IST" name="teardown" finished-at="2024-09-05T17:57:36 IST" duration-ms="443" status="PASS">
          <reporter-output>
          </reporter-output>
        </test-method> <!-- teardown -->
      </class> <!-- Test.LoginHRM -->
    </test> <!-- ChromeTest -->
  </suite> <!-- Suite -->
</testng-results>
